<?xml version="1.0" encoding="UTF-8"?>
<!-- Generated by org.testng.reporters.JUnitXMLReporter -->
<testsuite ignored="0" hostname="Satish-ka-MacBook-Air.local" failures="0" tests="3" name="Default test" time="28.26" errors="0" timestamp="2024-12-03T18:40:45 IST">
  <testcase classname="framework.SubmitOrder" name="submitOrder" time="4.815"/>
  <testcase classname="framework.SubmitOrder" name="submitOrder" time="4.776"/>
  <testcase classname="framework.SubmitOrder" name="orderHistoryTest" time="0.498"/>
</testsuite> <!-- Default test -->
