<?xml version="1.0" encoding="UTF-8"?>
<!-- Generated by org.testng.reporters.JUnitXMLReporter -->
<testsuite ignored="0" hostname="Satish-ka-MacBook-Air.local" failures="1" tests="3" name="Error Validations" time="34.658" errors="0" timestamp="2024-12-03T18:19:55 IST">
  <testcase classname="framework.ErrorValidations" name="LoginErrorValidation" time="21.027">
    <skipped/>
  </testcase> <!-- LoginErrorValidation -->
  <testcase classname="framework.ErrorValidations" name="LoginErrorValidation" time="1.076">
    <failure type="java.lang.AssertionError" message="expected [ Incorrect email or password. ] but found [Incorrect email or password.]">
      <![CDATA[java.lang.AssertionError: expected [ Incorrect email or password. ] but found [Incorrect email or password.]
at framework.ErrorValidations.LoginErrorValidation(ErrorValidations.java:25)
at java.base/java.util.ArrayList.forEach(ArrayList.java:1596)
at java.base/java.util.concurrent.FutureTask.run(FutureTask.java:317)
at java.base/java.util.concurrent.ThreadPoolExecutor.runWorker(ThreadPoolExecutor.java:1144)
at java.base/java.util.concurrent.ThreadPoolExecutor$Worker.run(ThreadPoolExecutor.java:642)
at java.base/java.lang.Thread.run(Thread.java:1583)
... Removed 21 stack frames]]>
    </failure>
  </testcase> <!-- LoginErrorValidation -->
  <testcase classname="framework.ErrorValidations" name="ProductErrorValidation" time="5.734"/>
</testsuite> <!-- Error Validations -->
