<?xml version="1.0" encoding="UTF-8"?>
<!-- Generated by org.testng.reporters.JUnitXMLReporter -->
<testsuite ignored="0" hostname="Satish-ka-MacBook-Air.local" failures="0" tests="3" name="Submit Order Test" time="18.415" errors="0" timestamp="2024-12-03T19:11:43 IST">
  <testcase classname="framework.SubmitOrder" name="submitOrder" time="4.309"/>
  <testcase classname="framework.SubmitOrder" name="submitOrder" time="4.257"/>
  <testcase classname="framework.SubmitOrder" name="orderHistoryTest" time="0.384"/>
</testsuite> <!-- Submit Order Test -->
