<?xml version="1.0" encoding="UTF-8"?>
<testsuite xmlns:xsi="http://www.w3.org/2001/XMLSchema-instance" xsi:noNamespaceSchemaLocation="https://maven.apache.org/surefire/maven-surefire-plugin/xsd/surefire-test-report.xsd" version="3.0.2" name="TestSuite" time="18.72" tests="5" errors="0" skipped="0" failures="0">
  <properties>
[...]
</properties>
  <testcase name="LoginErrorValidation" classname="framework.ErrorValidations" time="0.027">
    <system-err><![CDATA[SLF4J: Failed to load class "org.slf4j.impl.StaticLoggerBinder".
SLF4J: Defaulting to no-operation (NOP) logger implementation
SLF4J: See http://www.slf4j.org/codes.html#StaticLoggerBinder for further details.
]]></system-err>
  </testcase>
  <testcase name="ProductErrorValidation" classname="framework.ErrorValidations" time="3.696"/>
  <testcase name="submitOrder[{password=Satk@bro5, product=IPHONE 13 PRO, email=karan@arjun.com}](1)" classname="framework.SubmitOrder" time="1.849"/>
  <testcase name="submitOrder[{password=Satk@bro5, product=ZARA COAT 3, email=anthony@mark.com}](2)" classname="framework.SubmitOrder" time="4.254"/>
  <testcase name="orderHistoryTest" classname="framework.SubmitOrder" time="0.382"/>
</testsuite>