<?xml version="1.0" encoding="UTF-8"?>
<testng-results ignored="0" total="5" passed="5" failed="0" skipped="0">
  <reporter-output>
  </reporter-output>
  <suite started-at="2024-12-03T19:11:24 IST" name="Suite" finished-at="2024-12-03T19:11:43 IST" duration-ms="18415">
    <groups>
      <group name="ErrorHandling">
        <method signature="ErrorValidations.LoginErrorValidation()[pri:0, instance:framework.ErrorValidations@27406a17]" name="LoginErrorValidation" class="framework.ErrorValidations"/>
      </group> <!-- ErrorHandling -->
      <group name="purchaseorder">
        <method signature="SubmitOrder.submitOrder(java.util.HashMap)[pri:0, instance:framework.SubmitOrder@12aba8be]" name="submitOrder" class="framework.SubmitOrder"/>
      </group> <!-- purchaseorder -->
    </groups>
    <test started-at="2024-12-03T19:11:24 IST" name="Error Validations" finished-at="2024-12-03T19:11:34 IST" duration-ms="9364">
      <class name="framework.ErrorValidations">
        <test-method is-config="true" signature="launchApplication()[pri:0, instance:framework.ErrorValidations@27406a17]" started-at="2024-12-03T19:11:24 IST" name="launchApplication" finished-at="2024-12-03T19:11:27 IST" duration-ms="2740" status="PASS">
          <reporter-output>
          </reporter-output>
        </test-method> <!-- launchApplication -->
        <test-method signature="LoginErrorValidation()[pri:0, instance:framework.ErrorValidations@27406a17]" started-at="2024-12-03T19:11:27 IST" name="LoginErrorValidation" finished-at="2024-12-03T19:11:27 IST" duration-ms="270" status="PASS">
          <reporter-output>
          </reporter-output>
        </test-method> <!-- LoginErrorValidation -->
        <test-method is-config="true" signature="closeBrowser()[pri:0, instance:framework.ErrorValidations@27406a17]" started-at="2024-12-03T19:11:27 IST" name="closeBrowser" finished-at="2024-12-03T19:11:27 IST" duration-ms="124" status="PASS">
          <reporter-output>
          </reporter-output>
        </test-method> <!-- closeBrowser -->
        <test-method is-config="true" signature="launchApplication()[pri:0, instance:framework.ErrorValidations@27406a17]" started-at="2024-12-03T19:11:27 IST" name="launchApplication" finished-at="2024-12-03T19:11:30 IST" duration-ms="2307" status="PASS">
          <reporter-output>
          </reporter-output>
        </test-method> <!-- launchApplication -->
        <test-method signature="ProductErrorValidation()[pri:0, instance:framework.ErrorValidations@27406a17]" started-at="2024-12-03T19:11:30 IST" name="ProductErrorValidation" finished-at="2024-12-03T19:11:33 IST" duration-ms="3696" status="PASS">
          <reporter-output>
          </reporter-output>
        </test-method> <!-- ProductErrorValidation -->
        <test-method is-config="true" signature="closeBrowser()[pri:0, instance:framework.ErrorValidations@27406a17]" started-at="2024-12-03T19:11:33 IST" name="closeBrowser" finished-at="2024-12-03T19:11:34 IST" duration-ms="211" status="PASS">
          <reporter-output>
          </reporter-output>
        </test-method> <!-- closeBrowser -->
      </class> <!-- framework.ErrorValidations -->
    </test> <!-- Error Validations -->
    <test started-at="2024-12-03T19:11:24 IST" name="Submit Order Test" finished-at="2024-12-03T19:11:43 IST" duration-ms="18415">
      <class name="framework.SubmitOrder">
        <test-method is-config="true" signature="launchApplication()[pri:0, instance:framework.SubmitOrder@12aba8be]" started-at="2024-12-03T19:11:24 IST" name="launchApplication" finished-at="2024-12-03T19:11:27 IST" duration-ms="2905" status="PASS">
          <reporter-output>
          </reporter-output>
        </test-method> <!-- launchApplication -->
        <test-method signature="submitOrder(java.util.HashMap)[pri:0, instance:framework.SubmitOrder@12aba8be]" started-at="2024-12-03T19:11:27 IST" name="submitOrder" data-provider="getData" finished-at="2024-12-03T19:11:31 IST" duration-ms="4309" status="PASS">
          <params>
            <param index="0">
              <value>
                <![CDATA[{password=Satk@bro5, product=IPHONE 13 PRO, email=karan@arjun.com}]]>
              </value>
            </param>
          </params>
          <reporter-output>
          </reporter-output>
        </test-method> <!-- submitOrder -->
        <test-method is-config="true" signature="closeBrowser()[pri:0, instance:framework.SubmitOrder@12aba8be]" started-at="2024-12-03T19:11:31 IST" name="closeBrowser" finished-at="2024-12-03T19:11:32 IST" duration-ms="112" status="PASS">
          <reporter-output>
          </reporter-output>
        </test-method> <!-- closeBrowser -->
        <test-method is-config="true" signature="launchApplication()[pri:0, instance:framework.SubmitOrder@12aba8be]" started-at="2024-12-03T19:11:32 IST" name="launchApplication" finished-at="2024-12-03T19:11:35 IST" duration-ms="3645" status="PASS">
          <reporter-output>
          </reporter-output>
        </test-method> <!-- launchApplication -->
        <test-method signature="submitOrder(java.util.HashMap)[pri:0, instance:framework.SubmitOrder@12aba8be]" started-at="2024-12-03T19:11:35 IST" name="submitOrder" data-provider="getData" finished-at="2024-12-03T19:11:39 IST" duration-ms="4257" status="PASS">
          <params>
            <param index="0">
              <value>
                <![CDATA[{password=Satk@bro5, product=ZARA COAT 3, email=anthony@mark.com}]]>
              </value>
            </param>
          </params>
          <reporter-output>
          </reporter-output>
        </test-method> <!-- submitOrder -->
        <test-method is-config="true" signature="closeBrowser()[pri:0, instance:framework.SubmitOrder@12aba8be]" started-at="2024-12-03T19:11:39 IST" name="closeBrowser" finished-at="2024-12-03T19:11:40 IST" duration-ms="92" status="PASS">
          <reporter-output>
          </reporter-output>
        </test-method> <!-- closeBrowser -->
        <test-method is-config="true" signature="launchApplication()[pri:0, instance:framework.SubmitOrder@12aba8be]" started-at="2024-12-03T19:11:40 IST" name="launchApplication" finished-at="2024-12-03T19:11:42 IST" duration-ms="2423" status="PASS">
          <reporter-output>
          </reporter-output>
        </test-method> <!-- launchApplication -->
        <test-method signature="orderHistoryTest()[pri:0, instance:framework.SubmitOrder@12aba8be]" started-at="2024-12-03T19:11:42 IST" name="orderHistoryTest" finished-at="2024-12-03T19:11:42 IST" depends-on-methods="framework.SubmitOrder.submitOrder" duration-ms="384" status="PASS">
          <reporter-output>
          </reporter-output>
        </test-method> <!-- orderHistoryTest -->
        <test-method is-config="true" signature="closeBrowser()[pri:0, instance:framework.SubmitOrder@12aba8be]" started-at="2024-12-03T19:11:42 IST" name="closeBrowser" finished-at="2024-12-03T19:11:43 IST" duration-ms="192" status="PASS">
          <reporter-output>
          </reporter-output>
        </test-method> <!-- closeBrowser -->
      </class> <!-- framework.SubmitOrder -->
    </test> <!-- Submit Order Test -->
  </suite> <!-- Suite -->
</testng-results>
