<?xml version="1.0" encoding="UTF-8"?>
<testng-results ignored="0" total="3" passed="3" failed="0" skipped="0">
  <reporter-output>
  </reporter-output>
  <suite started-at="2024-12-03T18:40:17 IST" name="Default suite" finished-at="2024-12-03T18:40:45 IST" duration-ms="28260">
    <groups>
      <group name="purchaseorder">
        <method signature="SubmitOrder.submitOrder(java.util.HashMap)[pri:0, instance:framework.SubmitOrder@479d31f3]" name="submitOrder" class="framework.SubmitOrder"/>
      </group> <!-- purchaseorder -->
    </groups>
    <test started-at="2024-12-03T18:40:17 IST" name="Default test" finished-at="2024-12-03T18:40:45 IST" duration-ms="28260">
      <class name="framework.SubmitOrder">
        <test-method is-config="true" signature="launchApplication()[pri:0, instance:framework.SubmitOrder@479d31f3]" started-at="2024-12-03T18:40:17 IST" name="launchApplication" finished-at="2024-12-03T18:40:27 IST" duration-ms="10265" status="PASS">
          <reporter-output>
          </reporter-output>
        </test-method> <!-- launchApplication -->
        <test-method signature="submitOrder(java.util.HashMap)[pri:0, instance:framework.SubmitOrder@479d31f3]" started-at="2024-12-03T18:40:27 IST" name="submitOrder" data-provider="getData" finished-at="2024-12-03T18:40:32 IST" duration-ms="4815" status="PASS">
          <params>
            <param index="0">
              <value>
                <![CDATA[{password=Satk@bro5, product=IPHONE 13 PRO, email=karan@arjun.com}]]>
              </value>
            </param>
          </params>
          <reporter-output>
          </reporter-output>
        </test-method> <!-- submitOrder -->
        <test-method is-config="true" signature="closeBrowser()[pri:0, instance:framework.SubmitOrder@479d31f3]" started-at="2024-12-03T18:40:32 IST" name="closeBrowser" finished-at="2024-12-03T18:40:33 IST" duration-ms="406" status="PASS">
          <reporter-output>
          </reporter-output>
        </test-method> <!-- closeBrowser -->
        <test-method is-config="true" signature="launchApplication()[pri:0, instance:framework.SubmitOrder@479d31f3]" started-at="2024-12-03T18:40:33 IST" name="launchApplication" finished-at="2024-12-03T18:40:36 IST" duration-ms="3299" status="PASS">
          <reporter-output>
          </reporter-output>
        </test-method> <!-- launchApplication -->
        <test-method signature="submitOrder(java.util.HashMap)[pri:0, instance:framework.SubmitOrder@479d31f3]" started-at="2024-12-03T18:40:36 IST" name="submitOrder" data-provider="getData" finished-at="2024-12-03T18:40:41 IST" duration-ms="4776" status="PASS">
          <params>
            <param index="0">
              <value>
                <![CDATA[{password=Satk@bro5, product=ZARA COAT 3, email=anthony@mark.com}]]>
              </value>
            </param>
          </params>
          <reporter-output>
          </reporter-output>
        </test-method> <!-- submitOrder -->
        <test-method is-config="true" signature="closeBrowser()[pri:0, instance:framework.SubmitOrder@479d31f3]" started-at="2024-12-03T18:40:41 IST" name="closeBrowser" finished-at="2024-12-03T18:40:41 IST" duration-ms="393" status="PASS">
          <reporter-output>
          </reporter-output>
        </test-method> <!-- closeBrowser -->
        <test-method is-config="true" signature="launchApplication()[pri:0, instance:framework.SubmitOrder@479d31f3]" started-at="2024-12-03T18:40:41 IST" name="launchApplication" finished-at="2024-12-03T18:40:44 IST" duration-ms="3307" status="PASS">
          <reporter-output>
          </reporter-output>
        </test-method> <!-- launchApplication -->
        <test-method signature="orderHistoryTest()[pri:0, instance:framework.SubmitOrder@479d31f3]" started-at="2024-12-03T18:40:44 IST" name="orderHistoryTest" finished-at="2024-12-03T18:40:45 IST" depends-on-methods="framework.SubmitOrder.submitOrder" duration-ms="498" status="PASS">
          <reporter-output>
          </reporter-output>
        </test-method> <!-- orderHistoryTest -->
        <test-method is-config="true" signature="closeBrowser()[pri:0, instance:framework.SubmitOrder@479d31f3]" started-at="2024-12-03T18:40:45 IST" name="closeBrowser" finished-at="2024-12-03T18:40:45 IST" duration-ms="390" status="PASS">
          <reporter-output>
          </reporter-output>
        </test-method> <!-- closeBrowser -->
      </class> <!-- framework.SubmitOrder -->
    </test> <!-- Default test -->
  </suite> <!-- Default suite -->
</testng-results>
